2025-07-10 12:19:41 [31mWARN [0;39m [36mapplication[0;39m [35m[0;39m Logger configuration in conf files is deprecated and has no effect. Use a logback configuration file instead.
2025-07-10 12:19:41 [1;31mERROR[0;39m [36mplay.api.http.DevHttpErrorHandler[0;39m [35m[0;39m 

! @8a3n21i2j - Internal server error, for (GET) [/] ->
 
play.api.UnexpectedException: Unexpected exception[NoClassDefFoundError: javax/validation/ConstraintValidatorFactory]
	at play.api.UnexpectedException$.apply(Exceptions.scala:10)
	at play.core.server.DevServerStart$DevServerApplicationProvider$1.reload(DevServerStart.scala:257)
	at play.core.server.DevServerStart$DevServerApplicationProvider$1.get(DevServerStart.scala:190)
	at play.core.server.PekkoHttpServer.handleRequest(PekkoHttpServer.scala:320)
	at play.core.server.PekkoHttpServer.$anonfun$3(PekkoHttpServer.scala:224)
	at org.apache.pekko.stream.impl.fusing.MapAsyncUnordered$$anon$29.onPush(Ops.scala:1435)
	at org.apache.pekko.stream.impl.fusing.GraphInterpreter.processPush(GraphInterpreter.scala:556)
	at org.apache.pekko.stream.impl.fusing.GraphInterpreter.processEvent(GraphInterpreter.scala:507)
	at org.apache.pekko.stream.impl.fusing.GraphInterpreter.execute(GraphInterpreter.scala:401)
	at org.apache.pekko.stream.impl.fusing.GraphInterpreterShell.runBatch(ActorGraphInterpreter.scala:662)
	at org.apache.pekko.stream.impl.fusing.GraphInterpreterShell$AsyncInput.execute(ActorGraphInterpreter.scala:532)
	at org.apache.pekko.stream.impl.fusing.GraphInterpreterShell.processEvent(ActorGraphInterpreter.scala:637)
	at org.apache.pekko.stream.impl.fusing.ActorGraphInterpreter.org$apache$pekko$stream$impl$fusing$ActorGraphInterpreter$$processEvent(ActorGraphInterpreter.scala:813)
	at org.apache.pekko.stream.impl.fusing.ActorGraphInterpreter$$anon$2.applyOrElse(ActorGraphInterpreter.scala:831)
	at org.apache.pekko.actor.Actor.aroundReceive(Actor.scala:547)
	at org.apache.pekko.actor.Actor.aroundReceive$(Actor.scala:481)
	at org.apache.pekko.stream.impl.fusing.ActorGraphInterpreter.aroundReceive(ActorGraphInterpreter.scala:729)
	at org.apache.pekko.actor.ActorCell.receiveMessage(ActorCell.scala:590)
	at org.apache.pekko.actor.ActorCell.invoke(ActorCell.scala:557)
	at org.apache.pekko.dispatch.Mailbox.processMailbox(Mailbox.scala:272)
	at org.apache.pekko.dispatch.Mailbox.run(Mailbox.scala:233)
	at org.apache.pekko.dispatch.Mailbox.exec(Mailbox.scala:245)
	at java.base/java.util.concurrent.ForkJoinTask.doExec(ForkJoinTask.java:387)
	at java.base/java.util.concurrent.ForkJoinPool$WorkQueue.topLevelExec(ForkJoinPool.java:1312)
	at java.base/java.util.concurrent.ForkJoinPool.scan(ForkJoinPool.java:1843)
	at java.base/java.util.concurrent.ForkJoinPool.runWorker(ForkJoinPool.java:1808)
	at java.base/java.util.concurrent.ForkJoinWorkerThread.run(ForkJoinWorkerThread.java:188)
Caused by: java.lang.NoClassDefFoundError: javax/validation/ConstraintValidatorFactory
	at play.data.validation.ValidatorsModule.bindings(ValidatorsModule.java:20)
	at play.inject.Module.bindings(Module.java:53)
	at play.inject.Module.bindings(Module.java:46)
	at play.api.inject.guice.GuiceableModuleConversions.guice(GuiceInjectorBuilder.scala:363)
	at play.api.inject.guice.GuiceableModuleConversions.guice$(GuiceInjectorBuilder.scala:327)
	at play.api.inject.guice.GuiceableModule$.guice(GuiceInjectorBuilder.scala:297)
	at play.api.inject.guice.GuiceableModuleConversions$$anon$2.guiced$$anonfun$2(GuiceInjectorBuilder.scala:342)
	at scala.collection.immutable.List.map(List.scala:247)
	at scala.collection.immutable.List.map(List.scala:79)
	at play.api.inject.guice.GuiceableModuleConversions$$anon$2.guiced(GuiceInjectorBuilder.scala:342)
	at play.api.inject.guice.GuiceableModule$.guiced$$anonfun$1(GuiceInjectorBuilder.scala:321)
	at scala.collection.immutable.List.flatMap(List.scala:294)
	at scala.collection.immutable.List.flatMap(List.scala:79)
	at play.api.inject.guice.GuiceableModule$.guiced(GuiceInjectorBuilder.scala:321)
	at play.api.inject.guice.GuiceBuilder.createModule(GuiceInjectorBuilder.scala:185)
	at play.api.inject.guice.GuiceApplicationBuilder.applicationModule(GuiceApplicationBuilder.scala:126)
	at play.api.inject.guice.GuiceBuilder.injector(GuiceInjectorBuilder.scala:200)
	at play.api.inject.guice.GuiceApplicationBuilder.build(GuiceApplicationBuilder.scala:176)
	at play.api.inject.guice.GuiceApplicationLoader.load(GuiceApplicationLoader.scala:21)
	at play.core.server.DevServerStart$DevServerApplicationProvider$1.$anonfun$1(DevServerStart.scala:233)
	at play.utils.Threads$.withContextClassLoader(Threads.scala:22)
	at play.core.server.DevServerStart$DevServerApplicationProvider$1.reload(DevServerStart.scala:234)
	... 25 common frames omitted
Caused by: java.lang.ClassNotFoundException: javax.validation.ConstraintValidatorFactory
	at java.base/java.net.URLClassLoader.findClass(URLClassLoader.java:445)
	at java.base/java.lang.ClassLoader.loadClass(ClassLoader.java:593)
	at java.base/java.lang.ClassLoader.loadClass(ClassLoader.java:526)
	... 47 common frames omitted
2025-07-10 12:20:13 [34mINFO [0;39m [36mplay.core.server.PekkoHttpServer[0;39m [35m[0;39m Stopping Pekko HTTP server...
2025-07-10 12:20:13 [34mINFO [0;39m [36mplay.core.server.PekkoHttpServer[0;39m [35m[0;39m Unbinding /[0:0:0:0:0:0:0:0]:9000
2025-07-10 12:20:13 [34mINFO [0;39m [36mplay.core.server.PekkoHttpServer[0;39m [35m[0;39m Terminating server binding for /[0:0:0:0:0:0:0:0]:9000
2025-07-10 12:20:13 [34mINFO [0;39m [36mplay.core.server.PekkoHttpServer[0;39m [35m[0;39m Running provided shutdown stop hooks
